<?xml version="1.0" encoding="UTF-8"?>
<!-- Generated by org.testng.reporters.JUnitReportReporter -->
<testsuite hostname="DESKTOP-UUPMMF7" failures="0" tests="4" name="TestNg.test2_dependonmethods$test3_Priority" time="0.026" errors="0" timestamp="2022-01-04T18:01:02 IST" skipped="0">
  <testcase classname="TestNg.test2_dependonmethods$test3_Priority" name="c" time="0.006"/>
  <system-out/>
  <testcase classname="TestNg.test2_dependonmethods$test3_Priority" name="b" time="0.017"/>
  <system-out/>
  <testcase classname="TestNg.test2_dependonmethods$test3_Priority" name="a" time="0.001"/>
  <system-out/>
  <testcase classname="TestNg.test2_dependonmethods$test3_Priority" name="d" time="0.002"/>
  <system-out/>
</testsuite> <!-- TestNg.test2_dependonmethods$test3_Priority -->
