<?xml version="1.0" encoding="UTF-8"?>
<!-- Generated by org.testng.reporters.JUnitReportReporter -->
<testsuite hostname="DESKTOP-UUPMMF7" failures="0" tests="2" name="test.TestNG1" time="0.021" errors="0" timestamp="2022-01-10T12:42:04 IST" skipped="0">
  <testcase classname="test.TestNG1" name="a" time="0.016"/>
  <system-out/>
  <testcase classname="test.TestNG1" name="b" time="0.005"/>
  <system-out/>
</testsuite> <!-- test.TestNG1 -->
