<?xml version="1.0" encoding="UTF-8"?>
<!-- Generated by org.testng.reporters.JUnitReportReporter -->
<testsuite hostname="DESKTOP-UUPMMF7" failures="0" tests="4" name="TestNg.test4_Groups" time="0.020" errors="0" timestamp="2022-01-04T18:26:03 IST" skipped="0">
  <testcase classname="TestNg.test4_Groups" name="a" time="0.015"/>
  <system-out/>
  <testcase classname="TestNg.test4_Groups" name="c" time="0.002"/>
  <system-out/>
  <testcase classname="TestNg.test4_Groups" name="d" time="0.001"/>
  <system-out/>
  <testcase classname="TestNg.test4_Groups" name="b" time="0.002"/>
  <system-out/>
</testsuite> <!-- TestNg.test4_Groups -->
