<?xml version="1.0" encoding="UTF-8"?>
<!-- Generated by org.testng.reporters.JUnitReportReporter -->
<testsuite hostname="DESKTOP-UUPMMF7" failures="0" tests="4" name="TestNg.test3_Priority" time="0.015" errors="0" timestamp="2022-01-04T18:03:58 IST" skipped="0">
  <testcase classname="TestNg.test3_Priority" name="c" time="0.001"/>
  <system-out/>
  <testcase classname="TestNg.test3_Priority" name="b" time="0.010"/>
  <system-out/>
  <testcase classname="TestNg.test3_Priority" name="a" time="0.001"/>
  <system-out/>
  <testcase classname="TestNg.test3_Priority" name="d" time="0.003"/>
  <system-out/>
</testsuite> <!-- TestNg.test3_Priority -->
