<?xml version="1.0" encoding="UTF-8"?>
<!-- Generated by org.testng.reporters.JUnitReportReporter -->
<testsuite hostname="DESKTOP-UUPMMF7" failures="0" tests="4" name="TestNg.test5_parallelTesting" time="0.062" errors="0" timestamp="2022-01-04T18:46:12 IST" skipped="0">
  <testcase classname="TestNg.test5_parallelTesting" name="b" time="0.016"/>
  <system-out/>
  <testcase classname="TestNg.test5_parallelTesting" name="c" time="0.016"/>
  <system-out/>
  <testcase classname="TestNg.test5_parallelTesting" name="d" time="0.016"/>
  <system-out/>
  <testcase classname="TestNg.test5_parallelTesting" name="a" time="0.014"/>
  <system-out/>
</testsuite> <!-- TestNg.test5_parallelTesting -->
