<?xml version="1.0" encoding="UTF-8"?>
<!-- Generated by org.testng.reporters.JUnitReportReporter -->
<testsuite hostname="DESKTOP-UUPMMF7" failures="0" tests="3" name="test3.NewTest" time="0.016" errors="0" timestamp="2021-12-28T13:59:20 IST" skipped="0">
  <testcase classname="test3.NewTest" name="a" time="0.011"/>
  <system-out/>
  <testcase classname="test3.NewTest" name="c" time="0.003"/>
  <system-out/>
  <testcase classname="test3.NewTest" name="b" time="0.002"/>
  <system-out/>
</testsuite> <!-- test3.NewTest -->
