<?xml version="1.0" encoding="UTF-8"?>
<!-- Generated by org.testng.reporters.JUnitReportReporter -->
<testsuite hostname="DESKTOP-UUPMMF7" failures="0" tests="4" name="TestNg.test2_dependonmethods" time="0.011" errors="0" timestamp="2022-01-04T18:01:02 IST" skipped="0">
  <testcase classname="TestNg.test2_dependonmethods" name="c" time="0.003"/>
  <system-out/>
  <testcase classname="TestNg.test2_dependonmethods" name="a" time="0.004"/>
  <system-out/>
  <testcase classname="TestNg.test2_dependonmethods" name="b" time="0.002"/>
  <system-out/>
  <testcase classname="TestNg.test2_dependonmethods" name="d" time="0.002"/>
  <system-out/>
</testsuite> <!-- TestNg.test2_dependonmethods -->
