<?xml version="1.0" encoding="UTF-8"?>
<!-- Generated by org.testng.reporters.JUnitReportReporter -->
<testsuite hostname="DESKTOP-UUPMMF7" failures="0" tests="4" name="TestNg.test2" time="0.018" errors="0" timestamp="2022-01-04T17:56:48 IST" skipped="0">
  <testcase classname="TestNg.test2" name="d" time="0.003"/>
  <system-out/>
  <testcase classname="TestNg.test2" name="b" time="0.012"/>
  <system-out/>
  <testcase classname="TestNg.test2" name="a" time="0.002"/>
  <system-out/>
  <testcase classname="TestNg.test2" name="c" time="0.001"/>
  <system-out/>
</testsuite> <!-- TestNg.test2 -->
